<?xml version="1.0" encoding="UTF-8"?>
<!-- Generated by org.testng.reporters.JUnitReportReporter -->
<testsuite skipped="0" hostname="LAPTOP-O7BRKD6N" name="Assertion.TestOrangeHRM2" tests="6" failures="1" timestamp="2021-11-12T19:51:30 IST" time="0.020" errors="0">
  <testcase name="launchTheBrowser" time="0.006" classname="Assertion.TestOrangeHRM2"/>
  <system-out>
    <![CDATA[Launch the browser]]>
  </system-out>
  <testcase name="LaunchTheWebApp" time="0.002" classname="Assertion.TestOrangeHRM2"/>
  <system-out>
    <![CDATA[Launch the web app]]>
  </system-out>
  <testcase name="verifyTheLoginPageTitle" time="0.006" classname="Assertion.TestOrangeHRM2"/>
  <system-out>
    <![CDATA[verify the login page title]]>
  </system-out>
  <testcase name="validloginTest" time="0.002" classname="Assertion.TestOrangeHRM2">
    <failure type="java.lang.AssertionError" message="expected [true] but found [false]">
      <![CDATA[java.lang.AssertionError: expected [true] but found [false]
at org.testng.Assert.fail(Assert.java:99)
at org.testng.Assert.failNotEquals(Assert.java:1037)
at org.testng.Assert.assertEqualsImpl(Assert.java:140)
at org.testng.Assert.assertEquals(Assert.java:122)
at org.testng.Assert.assertEquals(Assert.java:819)
at org.testng.Assert.assertEquals(Assert.java:829)
at Assertion.TestOrangeHRM2.validloginTest(TestOrangeHRM2.java:36)
at sun.reflect.NativeMethodAccessorImpl.invoke0(Native Method)
at sun.reflect.NativeMethodAccessorImpl.invoke(NativeMethodAccessorImpl.java:62)
at sun.reflect.DelegatingMethodAccessorImpl.invoke(DelegatingMethodAccessorImpl.java:43)
at java.lang.reflect.Method.invoke(Method.java:498)
at org.testng.internal.MethodInvocationHelper.invokeMethod(MethodInvocationHelper.java:133)
at org.testng.internal.TestInvoker.invokeMethod(TestInvoker.java:598)
at org.testng.internal.TestInvoker.invokeTestMethod(TestInvoker.java:173)
at org.testng.internal.MethodRunner.runInSequence(MethodRunner.java:46)
at org.testng.internal.TestInvoker$MethodInvocationAgent.invoke(TestInvoker.java:824)
at org.testng.internal.TestInvoker.invokeTestMethods(TestInvoker.java:146)
at org.testng.internal.TestMethodWorker.invokeTestMethods(TestMethodWorker.java:146)
at org.testng.internal.TestMethodWorker.run(TestMethodWorker.java:128)
at java.util.ArrayList.forEach(ArrayList.java:1257)
at org.testng.TestRunner.privateRun(TestRunner.java:794)
at org.testng.TestRunner.run(TestRunner.java:596)
at org.testng.SuiteRunner.runTest(SuiteRunner.java:377)
at org.testng.SuiteRunner.runSequentially(SuiteRunner.java:371)
at org.testng.SuiteRunner.privateRun(SuiteRunner.java:332)
at org.testng.SuiteRunner.run(SuiteRunner.java:276)
at org.testng.SuiteRunnerWorker.runSuite(SuiteRunnerWorker.java:53)
at org.testng.SuiteRunnerWorker.run(SuiteRunnerWorker.java:96)
at org.testng.TestNG.runSuitesSequentially(TestNG.java:1212)
at org.testng.TestNG.runSuitesLocally(TestNG.java:1134)
at org.testng.TestNG.runSuites(TestNG.java:1063)
at org.testng.TestNG.run(TestNG.java:1031)
at org.testng.remote.AbstractRemoteTestNG.run(AbstractRemoteTestNG.java:115)
at org.testng.remote.RemoteTestNG.initAndRun(RemoteTestNG.java:251)
at org.testng.remote.RemoteTestNG.main(RemoteTestNG.java:77)
]]>
    </failure>
  </testcase> <!-- validloginTest -->
  <system-out>
    <![CDATA[Login To the application]]>
  </system-out>
  <testcase name="verifyHomePageTitle" time="0.003" classname="Assertion.TestOrangeHRM2"/>
  <system-out>
    <![CDATA[verify Home Page Title]]>
  </system-out>
  <testcase name="addEmployee" time="0.001" classname="Assertion.TestOrangeHRM2"/>
  <system-out>
    <![CDATA[Add the employee]]>
  </system-out>
</testsuite> <!-- Assertion.TestOrangeHRM2 -->
